
flashdump_win.sh v1.1 for 328pb


-----------------------------
MCU      : 328PB
PORT     : COM4
FILENAME : bl
-----------------------------

flashdump_win.sh: line 272: cd: examples/bl/build: No such file or directory
avrdude -C C:\PROGRA~2\Arduino\hardware\tools\avr\etc\avrdude.conf -C +C:\Users\tomohiro\AppData\Local\Arduino15\packages\pololu-a-star\hardware\avr\4.0.2\extra_avrdude.conf -v -p atmega328pb -c stk500v1 -P COM4 -b 19200 -Uflash:r:dump/bl.dump:i

avrdude.exe: Version 6.3-20171130
             Copyright (c) 2000-2005 Brian Dean, http://www.bdmicro.com/
             Copyright (c) 2007-2014 Joerg Wunsch

             System wide configuration file is "C:\PROGRA~2\Arduino\hardware\tools\avr\etc\avrdude.conf"
             Additional configuration file is "C:\Users\tomohiro\AppData\Local\Arduino15\packages\pololu-a-star\hardware\avr\4.0.2\extra_avrdude.conf"
avrdude.exe: warning at C:\Users\tomohiro\AppData\Local\Arduino15\packages\pololu-a-star\hardware\avr\4.0.2\extra_avrdude.conf:1: part m328pb overwrites previous definition C:\PROGRA~2\Arduino\hardware\tools\avr\etc\avrdude.conf:8802.

             Using Port                    : COM4
             Using Programmer              : stk500v1
             Overriding Baud Rate          : 19200
             AVR Part                      : ATmega328PB
             Chip Erase delay              : 9000 us
             PAGEL                         : PD7
             BS2                           : PC2
             RESET disposition             : dedicated
             RETRY pulse                   : SCK
             serial program mode           : yes
             parallel program mode         : yes
             Timeout                       : 200
             StabDelay                     : 100
             CmdexeDelay                   : 25
             SyncLoops                     : 32
             ByteDelay                     : 0
             PollIndex                     : 3
             PollValue                     : 0x53
             Memory Detail                 :

                                      Block Poll               Page                       Polled
               Memory Type Mode Delay Size  Indx Paged  Size   Size #Pages MinW  MaxW   ReadBack
               ----------- ---- ----- ----- ---- ------ ------ ---- ------ ----- ----- ---------
               eeprom        65    20     4    0 no       1024    4      0  3600  3600 0xff 0xff
               flash         65     6   128    0 yes     32768  128    256  4500  4500 0xff 0xff
               lfuse          0     0     0    0 no          1    0      0  4500  4500 0x00 0x00
               hfuse          0     0     0    0 no          1    0      0  4500  4500 0x00 0x00
               efuse          0     0     0    0 no          1    0      0  4500  4500 0x00 0x00
               lock           0     0     0    0 no          1    0      0  4500  4500 0x00 0x00
               calibration    0     0     0    0 no          1    0      0     0     0 0x00 0x00
               signature      0     0     0    0 no          3    0      0     0     0 0x00 0x00

             Programmer Type : STK500
             Description     : Atmel STK500 Version 1.x firmware
             Hardware Version: 2
             Firmware Version: 1.18
             Topcard         : Unknown
             Vtarget         : 0.0 V
             Varef           : 0.0 V
             Oscillator      : Off
             SCK period      : 0.1 us

avrdude.exe: AVR device initialized and ready to accept instructions

Reading | ################################################## | 100% 0.02s

avrdude.exe: Device signature = 0x1e9516 (probably m328pb)
avrdude.exe: safemode: lfuse reads as FF
avrdude.exe: safemode: hfuse reads as D2
avrdude.exe: safemode: efuse reads as F5
avrdude.exe: reading flash memory:

Reading | ################################################## | 100% 19.49s

avrdude.exe: writing output file "dump/bl.dump"

avrdude.exe: safemode: lfuse reads as FF
avrdude.exe: safemode: hfuse reads as D2
avrdude.exe: safemode: efuse reads as F5
avrdude.exe: safemode: Fuses OK (E:F5, H:D2, L:FF)

avrdude.exe done.  Thank you.


Successfully dump/bl.dump retrieved for ATmega328PB.
