C:\Program Files (x86)\Arduino\arduino-builder -dump-prefs -logger=machine -hardware C:\Program Files (x86)\Arduino\hardware -hardware C:\Users\tomohiro\AppData\Local\Arduino15\packages -tools C:\Program Files (x86)\Arduino\tools-builder -tools C:\Program Files (x86)\Arduino\hardware\tools\avr -tools C:\Users\tomohiro\AppData\Local\Arduino15\packages -built-in-libraries C:\Program Files (x86)\Arduino\libraries -libraries C:\Users\tomohiro\Documents\Arduino\libraries -fqbn=arduino:avr:vivi:cpu=8MHzatmega328 -ide-version=10807 -build-path C:\Users\tomohiro\AppData\Local\Temp\arduino_build_457144 -warnings=none -build-cache C:\Users\tomohiro\AppData\Local\Temp\arduino_cache_713539 -prefs=build.warn_data_percentage=75 -prefs=runtime.tools.avrdude.path=C:\Program Files (x86)\Arduino\hardware\tools\avr -prefs=runtime.tools.avrdude-6.3.0-arduino14.path=C:\Program Files (x86)\Arduino\hardware\tools\avr -prefs=runtime.tools.arduinoOTA.path=C:\Program Files (x86)\Arduino\hardware\tools\avr -prefs=runtime.tools.arduinoOTA-1.2.1.path=C:\Program Files (x86)\Arduino\hardware\tools\avr -prefs=runtime.tools.avr-gcc.path=C:\Program Files (x86)\Arduino\hardware\tools\avr -prefs=runtime.tools.avr-gcc-5.4.0-atmel3.6.1-arduino2.path=C:\Program Files (x86)\Arduino\hardware\tools\avr -verbose C:\home\a-star\Blink\Blink.ino
C:\Program Files (x86)\Arduino\arduino-builder -compile -logger=machine -hardware C:\Program Files (x86)\Arduino\hardware -hardware C:\Users\tomohiro\AppData\Local\Arduino15\packages -tools C:\Program Files (x86)\Arduino\tools-builder -tools C:\Program Files (x86)\Arduino\hardware\tools\avr -tools C:\Users\tomohiro\AppData\Local\Arduino15\packages -built-in-libraries C:\Program Files (x86)\Arduino\libraries -libraries C:\Users\tomohiro\Documents\Arduino\libraries -fqbn=arduino:avr:vivi:cpu=8MHzatmega328 -ide-version=10807 -build-path C:\Users\tomohiro\AppData\Local\Temp\arduino_build_457144 -warnings=none -build-cache C:\Users\tomohiro\AppData\Local\Temp\arduino_cache_713539 -prefs=build.warn_data_percentage=75 -prefs=runtime.tools.avrdude.path=C:\Program Files (x86)\Arduino\hardware\tools\avr -prefs=runtime.tools.avrdude-6.3.0-arduino14.path=C:\Program Files (x86)\Arduino\hardware\tools\avr -prefs=runtime.tools.arduinoOTA.path=C:\Program Files (x86)\Arduino\hardware\tools\avr -prefs=runtime.tools.arduinoOTA-1.2.1.path=C:\Program Files (x86)\Arduino\hardware\tools\avr -prefs=runtime.tools.avr-gcc.path=C:\Program Files (x86)\Arduino\hardware\tools\avr -prefs=runtime.tools.avr-gcc-5.4.0-atmel3.6.1-arduino2.path=C:\Program Files (x86)\Arduino\hardware\tools\avr -verbose C:\home\a-star\Blink\Blink.ino
Using board 'vivi' from platform in folder: C:\Program Files (x86)\Arduino\hardware\arduino\avr
Using core 'arduino' from platform in folder: C:\Program Files (x86)\Arduino\hardware\arduino\avr
Detecting libraries used...
"C:\\Program Files (x86)\\Arduino\\hardware\\tools\\avr/bin/avr-g++" -c -g -Os -w -std=gnu++11 -fpermissive -fno-exceptions -ffunction-sections -fdata-sections -fno-threadsafe-statics -Wno-error=narrowing -flto -w -x c++ -E -CC -mmcu=atmega328p -DF_CPU=8000000L -DARDUINO=10807 -DARDUINO_VIVIPARTS -DARDUINO_ARCH_AVR "-IC:\\Program Files (x86)\\Arduino\\hardware\\arduino\\avr\\cores\\arduino" "-IC:\\Program Files (x86)\\Arduino\\hardware\\arduino\\avr\\variants\\standard" "C:\\Users\\tomohiro\\AppData\\Local\\Temp\\arduino_build_457144\\sketch\\Blink.ino.cpp" -o nul
Generating function prototypes...
"C:\\Program Files (x86)\\Arduino\\hardware\\tools\\avr/bin/avr-g++" -c -g -Os -w -std=gnu++11 -fpermissive -fno-exceptions -ffunction-sections -fdata-sections -fno-threadsafe-statics -Wno-error=narrowing -flto -w -x c++ -E -CC -mmcu=atmega328p -DF_CPU=8000000L -DARDUINO=10807 -DARDUINO_VIVIPARTS -DARDUINO_ARCH_AVR "-IC:\\Program Files (x86)\\Arduino\\hardware\\arduino\\avr\\cores\\arduino" "-IC:\\Program Files (x86)\\Arduino\\hardware\\arduino\\avr\\variants\\standard" "C:\\Users\\tomohiro\\AppData\\Local\\Temp\\arduino_build_457144\\sketch\\Blink.ino.cpp" -o "C:\\Users\\tomohiro\\AppData\\Local\\Temp\\arduino_build_457144\\preproc\\ctags_target_for_gcc_minus_e.cpp"
"C:\\Program Files (x86)\\Arduino\\tools-builder\\ctags\\5.8-arduino11/ctags" -u --language-force=c++ -f - --c++-kinds=svpf --fields=KSTtzns --line-directives "C:\\Users\\tomohiro\\AppData\\Local\\Temp\\arduino_build_457144\\preproc\\ctags_target_for_gcc_minus_e.cpp"
スケッチをコンパイルしています...
"C:\\Program Files (x86)\\Arduino\\hardware\\tools\\avr/bin/avr-g++" -c -g -Os -w -std=gnu++11 -fpermissive -fno-exceptions -ffunction-sections -fdata-sections -fno-threadsafe-statics -Wno-error=narrowing -MMD -flto -mmcu=atmega328p -DF_CPU=8000000L -DARDUINO=10807 -DARDUINO_VIVIPARTS -DARDUINO_ARCH_AVR "-IC:\\Program Files (x86)\\Arduino\\hardware\\arduino\\avr\\cores\\arduino" "-IC:\\Program Files (x86)\\Arduino\\hardware\\arduino\\avr\\variants\\standard" "C:\\Users\\tomohiro\\AppData\\Local\\Temp\\arduino_build_457144\\sketch\\Blink.ino.cpp" -o "C:\\Users\\tomohiro\\AppData\\Local\\Temp\\arduino_build_457144\\sketch\\Blink.ino.cpp.o"
Compiling libraries...
Compiling core...
Using precompiled core: C:\Users\tomohiro\AppData\Local\Temp\arduino_cache_713539\core\core_arduino_avr_vivi_cpu_8MHzatmega328_0c812875ac70eb4a9b385d8fb077f54c.a
Linking everything together...
"C:\\Program Files (x86)\\Arduino\\hardware\\tools\\avr/bin/avr-gcc" -w -Os -g -flto -fuse-linker-plugin -Wl,--gc-sections -mmcu=atmega328p -o "C:\\Users\\tomohiro\\AppData\\Local\\Temp\\arduino_build_457144/Blink.ino.elf" "C:\\Users\\tomohiro\\AppData\\Local\\Temp\\arduino_build_457144\\sketch\\Blink.ino.cpp.o" "C:\\Users\\tomohiro\\AppData\\Local\\Temp\\arduino_build_457144/..\\arduino_cache_713539\\core\\core_arduino_avr_vivi_cpu_8MHzatmega328_0c812875ac70eb4a9b385d8fb077f54c.a" "-LC:\\Users\\tomohiro\\AppData\\Local\\Temp\\arduino_build_457144" -lm
"C:\\Program Files (x86)\\Arduino\\hardware\\tools\\avr/bin/avr-objcopy" -O ihex -j .eeprom --set-section-flags=.eeprom=alloc,load --no-change-warnings --change-section-lma .eeprom=0 "C:\\Users\\tomohiro\\AppData\\Local\\Temp\\arduino_build_457144/Blink.ino.elf" "C:\\Users\\tomohiro\\AppData\\Local\\Temp\\arduino_build_457144/Blink.ino.eep"
"C:\\Program Files (x86)\\Arduino\\hardware\\tools\\avr/bin/avr-objcopy" -O ihex -R .eeprom "C:\\Users\\tomohiro\\AppData\\Local\\Temp\\arduino_build_457144/Blink.ino.elf" "C:\\Users\\tomohiro\\AppData\\Local\\Temp\\arduino_build_457144/Blink.ino.hex"
"C:\\Program Files (x86)\\Arduino\\hardware\\tools\\avr/bin/avr-size" -A "C:\\Users\\tomohiro\\AppData\\Local\\Temp\\arduino_build_457144/Blink.ino.elf"
最大30720バイトのフラッシュメモリのうち、スケッチが1964バイト（6%）を使っています。
最大2048バイトのRAMのうち、グローバル変数が188バイト（9%）を使っていて、ローカル変数で1860バイト使うことができます。
C:\Program Files (x86)\Arduino\hardware\tools\avr/bin/avrdude -CC:\Program Files (x86)\Arduino\hardware\tools\avr/etc/avrdude.conf -v -patmega328p -carduino -PCOM6 -b57600 -D -Uflash:w:C:\Users\tomohiro\AppData\Local\Temp\arduino_build_457144/Blink.ino.hex:i 

avrdude: Version 6.3-20171130
         Copyright (c) 2000-2005 Brian Dean, http://www.bdmicro.com/
         Copyright (c) 2007-2014 Joerg Wunsch

         System wide configuration file is "C:\Program Files (x86)\Arduino\hardware\tools\avr/etc/avrdude.conf"

         Using Port                    : COM6
         Using Programmer              : arduino
         Overriding Baud Rate          : 57600
         AVR Part                      : ATmega328P
         Chip Erase delay              : 9000 us
         PAGEL                         : PD7
         BS2                           : PC2
         RESET disposition             : dedicated
         RETRY pulse                   : SCK
         serial program mode           : yes
         parallel program mode         : yes
         Timeout                       : 200
         StabDelay                     : 100
         CmdexeDelay                   : 25
         SyncLoops                     : 32
         ByteDelay                     : 0
         PollIndex                     : 3
         PollValue                     : 0x53
         Memory Detail                 :

                                  Block Poll               Page                       Polled
           Memory Type Mode Delay Size  Indx Paged  Size   Size #Pages MinW  MaxW   ReadBack
           ----------- ---- ----- ----- ---- ------ ------ ---- ------ ----- ----- ---------
           eeprom        65    20     4    0 no       1024    4      0  3600  3600 0xff 0xff
           flash         65     6   128    0 yes     32768  128    256  4500  4500 0xff 0xff
           lfuse          0     0     0    0 no          1    0      0  4500  4500 0x00 0x00
           hfuse          0     0     0    0 no          1    0      0  4500  4500 0x00 0x00
           efuse          0     0     0    0 no          1    0      0  4500  4500 0x00 0x00
           lock           0     0     0    0 no          1    0      0  4500  4500 0x00 0x00
           calibration    0     0     0    0 no          1    0      0     0     0 0x00 0x00
           signature      0     0     0    0 no          3    0      0     0     0 0x00 0x00

         Programmer Type : Arduino
         Description     : Arduino
         Hardware Version: 2
         Firmware Version: 1.16
         Vtarget         : 0.0 V
         Varef           : 0.0 V
         Oscillator      : Off
         SCK period      : 0.1 us

avrdude: AVR device initialized and ready to accept instructions

Reading | ################################################## | 100% 0.00s

avrdude: Device signature = 0x1e950f (probably m328p)
avrdude: reading input file "C:\Users\tomohiro\AppData\Local\Temp\arduino_build_457144/Blink.ino.hex"
avrdude: writing flash (1964 bytes):

Writing | ################################################## | 100% 1.02s

avrdude: 1964 bytes of flash written
avrdude: verifying flash memory against C:\Users\tomohiro\AppData\Local\Temp\arduino_build_457144/Blink.ino.hex:
avrdude: load data flash data from input file C:\Users\tomohiro\AppData\Local\Temp\arduino_build_457144/Blink.ino.hex:
avrdude: input file C:\Users\tomohiro\AppData\Local\Temp\arduino_build_457144/Blink.ino.hex contains 1964 bytes
avrdude: reading on-chip flash data:

Reading | ################################################## | 100% 0.86s

avrdude: verifying ...
avrdude: 1964 bytes of flash verified

avrdude done.  Thank you.

