C:\Program Files (x86)\Arduino\arduino-builder -dump-prefs -logger=machine -hardware C:\Program Files (x86)\Arduino\hardware -hardware C:\Users\tomohiro\AppData\Local\Arduino15\packages -tools C:\Program Files (x86)\Arduino\tools-builder -tools C:\Program Files (x86)\Arduino\hardware\tools\avr -tools C:\Users\tomohiro\AppData\Local\Arduino15\packages -built-in-libraries C:\Program Files (x86)\Arduino\libraries -libraries C:\Users\tomohiro\Documents\Arduino\libraries -fqbn=pololu-a-star:avr:a-star328PB:version=8mhz -ide-version=10807 -build-path C:\Users\tomohiro\AppData\Local\Temp\arduino_build_630284 -warnings=none -build-cache C:\Users\tomohiro\AppData\Local\Temp\arduino_cache_713539 -prefs=build.warn_data_percentage=75 -prefs=runtime.tools.avrdude.path=C:\Program Files (x86)\Arduino\hardware\tools\avr -prefs=runtime.tools.avrdude-6.3.0-arduino14.path=C:\Program Files (x86)\Arduino\hardware\tools\avr -prefs=runtime.tools.arduinoOTA.path=C:\Program Files (x86)\Arduino\hardware\tools\avr -prefs=runtime.tools.arduinoOTA-1.2.1.path=C:\Program Files (x86)\Arduino\hardware\tools\avr -prefs=runtime.tools.avr-gcc.path=C:\Program Files (x86)\Arduino\hardware\tools\avr -prefs=runtime.tools.avr-gcc-5.4.0-atmel3.6.1-arduino2.path=C:\Program Files (x86)\Arduino\hardware\tools\avr -verbose C:\home\VivicoreSerial_PT2-v03.05_328pb\examples\buttonx3\buttonx3.ino
C:\Program Files (x86)\Arduino\arduino-builder -compile -logger=machine -hardware C:\Program Files (x86)\Arduino\hardware -hardware C:\Users\tomohiro\AppData\Local\Arduino15\packages -tools C:\Program Files (x86)\Arduino\tools-builder -tools C:\Program Files (x86)\Arduino\hardware\tools\avr -tools C:\Users\tomohiro\AppData\Local\Arduino15\packages -built-in-libraries C:\Program Files (x86)\Arduino\libraries -libraries C:\Users\tomohiro\Documents\Arduino\libraries -fqbn=pololu-a-star:avr:a-star328PB:version=8mhz -ide-version=10807 -build-path C:\Users\tomohiro\AppData\Local\Temp\arduino_build_630284 -warnings=none -build-cache C:\Users\tomohiro\AppData\Local\Temp\arduino_cache_713539 -prefs=build.warn_data_percentage=75 -prefs=runtime.tools.avrdude.path=C:\Program Files (x86)\Arduino\hardware\tools\avr -prefs=runtime.tools.avrdude-6.3.0-arduino14.path=C:\Program Files (x86)\Arduino\hardware\tools\avr -prefs=runtime.tools.arduinoOTA.path=C:\Program Files (x86)\Arduino\hardware\tools\avr -prefs=runtime.tools.arduinoOTA-1.2.1.path=C:\Program Files (x86)\Arduino\hardware\tools\avr -prefs=runtime.tools.avr-gcc.path=C:\Program Files (x86)\Arduino\hardware\tools\avr -prefs=runtime.tools.avr-gcc-5.4.0-atmel3.6.1-arduino2.path=C:\Program Files (x86)\Arduino\hardware\tools\avr -verbose C:\home\VivicoreSerial_PT2-v03.05_328pb\examples\buttonx3\buttonx3.ino
Using board 'a-star328PB' from platform in folder: C:\Users\tomohiro\AppData\Local\Arduino15\packages\pololu-a-star\hardware\avr\4.0.2
Using core 'arduino' from platform in folder: C:\Program Files (x86)\Arduino\hardware\arduino\avr
Detecting libraries used...
"C:\\Program Files (x86)\\Arduino\\hardware\\tools\\avr/bin/avr-g++" -c -g -Os -w -std=gnu++11 -fpermissive -fno-exceptions -ffunction-sections -fdata-sections -fno-threadsafe-statics -Wno-error=narrowing -flto -w -x c++ -E -CC -mmcu=atmega328p -DF_CPU=8000000L -DARDUINO=10807 -DARDUINO_AVR_A_STAR_328PB -DARDUINO_ARCH_AVR -include "C:\\Users\\tomohiro\\AppData\\Local\\Arduino15\\packages\\pololu-a-star\\hardware\\avr\\4.0.2/variants/a-star328pb/io_328pb.h" "-IC:\\Program Files (x86)\\Arduino\\hardware\\arduino\\avr\\cores\\arduino" "-IC:\\Users\\tomohiro\\AppData\\Local\\Arduino15\\packages\\pololu-a-star\\hardware\\avr\\4.0.2\\variants\\a-star328pb" "C:\\Users\\tomohiro\\AppData\\Local\\Temp\\arduino_build_630284\\sketch\\buttonx3.ino.cpp" -o nul
"C:\\Program Files (x86)\\Arduino\\hardware\\tools\\avr/bin/avr-g++" -c -g -Os -w -std=gnu++11 -fpermissive -fno-exceptions -ffunction-sections -fdata-sections -fno-threadsafe-statics -Wno-error=narrowing -flto -w -x c++ -E -CC -mmcu=atmega328p -DF_CPU=8000000L -DARDUINO=10807 -DARDUINO_AVR_A_STAR_328PB -DARDUINO_ARCH_AVR -include "C:\\Users\\tomohiro\\AppData\\Local\\Arduino15\\packages\\pololu-a-star\\hardware\\avr\\4.0.2/variants/a-star328pb/io_328pb.h" "-IC:\\Program Files (x86)\\Arduino\\hardware\\arduino\\avr\\cores\\arduino" "-IC:\\Users\\tomohiro\\AppData\\Local\\Arduino15\\packages\\pololu-a-star\\hardware\\avr\\4.0.2\\variants\\a-star328pb" "-IC:\\Users\\tomohiro\\Documents\\Arduino\\libraries\\VivicoreSerial" "C:\\Users\\tomohiro\\AppData\\Local\\Temp\\arduino_build_630284\\sketch\\buttonx3.ino.cpp" -o nul
"C:\\Program Files (x86)\\Arduino\\hardware\\tools\\avr/bin/avr-g++" -c -g -Os -w -std=gnu++11 -fpermissive -fno-exceptions -ffunction-sections -fdata-sections -fno-threadsafe-statics -Wno-error=narrowing -flto -w -x c++ -E -CC -mmcu=atmega328p -DF_CPU=8000000L -DARDUINO=10807 -DARDUINO_AVR_A_STAR_328PB -DARDUINO_ARCH_AVR -include "C:\\Users\\tomohiro\\AppData\\Local\\Arduino15\\packages\\pololu-a-star\\hardware\\avr\\4.0.2/variants/a-star328pb/io_328pb.h" "-IC:\\Program Files (x86)\\Arduino\\hardware\\arduino\\avr\\cores\\arduino" "-IC:\\Users\\tomohiro\\AppData\\Local\\Arduino15\\packages\\pololu-a-star\\hardware\\avr\\4.0.2\\variants\\a-star328pb" "-IC:\\Users\\tomohiro\\Documents\\Arduino\\libraries\\VivicoreSerial" "-IC:\\Program Files (x86)\\Arduino\\hardware\\arduino\\avr\\libraries\\SoftwareSerial\\src" "C:\\Users\\tomohiro\\AppData\\Local\\Temp\\arduino_build_630284\\sketch\\buttonx3.ino.cpp" -o nul
Using cached library dependencies for file: C:\Users\tomohiro\Documents\Arduino\libraries\VivicoreSerial\VivicoreSerial.cpp
Using cached library dependencies for file: C:\Program Files (x86)\Arduino\hardware\arduino\avr\libraries\SoftwareSerial\src\SoftwareSerial.cpp
Generating function prototypes...
"C:\\Program Files (x86)\\Arduino\\hardware\\tools\\avr/bin/avr-g++" -c -g -Os -w -std=gnu++11 -fpermissive -fno-exceptions -ffunction-sections -fdata-sections -fno-threadsafe-statics -Wno-error=narrowing -flto -w -x c++ -E -CC -mmcu=atmega328p -DF_CPU=8000000L -DARDUINO=10807 -DARDUINO_AVR_A_STAR_328PB -DARDUINO_ARCH_AVR -include "C:\\Users\\tomohiro\\AppData\\Local\\Arduino15\\packages\\pololu-a-star\\hardware\\avr\\4.0.2/variants/a-star328pb/io_328pb.h" "-IC:\\Program Files (x86)\\Arduino\\hardware\\arduino\\avr\\cores\\arduino" "-IC:\\Users\\tomohiro\\AppData\\Local\\Arduino15\\packages\\pololu-a-star\\hardware\\avr\\4.0.2\\variants\\a-star328pb" "-IC:\\Users\\tomohiro\\Documents\\Arduino\\libraries\\VivicoreSerial" "-IC:\\Program Files (x86)\\Arduino\\hardware\\arduino\\avr\\libraries\\SoftwareSerial\\src" "-IC:\\Program Files (x86)\\Arduino\\hardware\\arduino\\avr\\libraries\\EEPROM\\src" "C:\\Users\\tomohiro\\AppData\\Local\\Temp\\arduino_build_630284\\sketch\\buttonx3.ino.cpp" -o "C:\\Users\\tomohiro\\AppData\\Local\\Temp\\arduino_build_630284\\preproc\\ctags_target_for_gcc_minus_e.cpp"
"C:\\Program Files (x86)\\Arduino\\tools-builder\\ctags\\5.8-arduino11/ctags" -u --language-force=c++ -f - --c++-kinds=svpf --fields=KSTtzns --line-directives "C:\\Users\\tomohiro\\AppData\\Local\\Temp\\arduino_build_630284\\preproc\\ctags_target_for_gcc_minus_e.cpp"
スケッチをコンパイルしています...
"C:\\Program Files (x86)\\Arduino\\hardware\\tools\\avr/bin/avr-g++" -c -g -Os -w -std=gnu++11 -fpermissive -fno-exceptions -ffunction-sections -fdata-sections -fno-threadsafe-statics -Wno-error=narrowing -MMD -flto -mmcu=atmega328p -DF_CPU=8000000L -DARDUINO=10807 -DARDUINO_AVR_A_STAR_328PB -DARDUINO_ARCH_AVR -include "C:\\Users\\tomohiro\\AppData\\Local\\Arduino15\\packages\\pololu-a-star\\hardware\\avr\\4.0.2/variants/a-star328pb/io_328pb.h" "-IC:\\Program Files (x86)\\Arduino\\hardware\\arduino\\avr\\cores\\arduino" "-IC:\\Users\\tomohiro\\AppData\\Local\\Arduino15\\packages\\pololu-a-star\\hardware\\avr\\4.0.2\\variants\\a-star328pb" "-IC:\\Users\\tomohiro\\Documents\\Arduino\\libraries\\VivicoreSerial" "-IC:\\Program Files (x86)\\Arduino\\hardware\\arduino\\avr\\libraries\\SoftwareSerial\\src" "-IC:\\Program Files (x86)\\Arduino\\hardware\\arduino\\avr\\libraries\\EEPROM\\src" "C:\\Users\\tomohiro\\AppData\\Local\\Temp\\arduino_build_630284\\sketch\\buttonx3.ino.cpp" -o "C:\\Users\\tomohiro\\AppData\\Local\\Temp\\arduino_build_630284\\sketch\\buttonx3.ino.cpp.o"
Compiling libraries...
Compiling library "VivicoreSerial"
以前コンパイルされたファイルを使用中：C:\Users\tomohiro\AppData\Local\Temp\arduino_build_630284\libraries\VivicoreSerial\VivicoreSerial.cpp.o
Compiling library "SoftwareSerial"
以前コンパイルされたファイルを使用中：C:\Users\tomohiro\AppData\Local\Temp\arduino_build_630284\libraries\SoftwareSerial\SoftwareSerial.cpp.o
Compiling library "EEPROM"
Compiling core...
以前コンパイルされたファイルを使用中：C:\Users\tomohiro\AppData\Local\Temp\arduino_build_630284\core\new_vectors_328pb.cpp.o
Using precompiled core: C:\Users\tomohiro\AppData\Local\Temp\arduino_cache_713539\core\core_pololu-a-star_avr_a-star328PB_version_8mhz_0c812875ac70eb4a9b385d8fb077f54c.a
Linking everything together...
"C:\\Program Files (x86)\\Arduino\\hardware\\tools\\avr/bin/avr-gcc" -w -Os -g -flto -fuse-linker-plugin -Wl,--gc-sections -mmcu=atmega328p -o "C:\\Users\\tomohiro\\AppData\\Local\\Temp\\arduino_build_630284/buttonx3.ino.elf" "C:\\Users\\tomohiro\\AppData\\Local\\Temp\\arduino_build_630284\\sketch\\buttonx3.ino.cpp.o" "C:\\Users\\tomohiro\\AppData\\Local\\Temp\\arduino_build_630284\\libraries\\VivicoreSerial\\VivicoreSerial.cpp.o" "C:\\Users\\tomohiro\\AppData\\Local\\Temp\\arduino_build_630284\\libraries\\SoftwareSerial\\SoftwareSerial.cpp.o" "C:\\Users\\tomohiro\\AppData\\Local\\Temp\\arduino_build_630284\\core\\new_vectors_328pb.cpp.o" "C:\\Users\\tomohiro\\AppData\\Local\\Temp\\arduino_build_630284/..\\arduino_cache_713539\\core\\core_pololu-a-star_avr_a-star328PB_version_8mhz_0c812875ac70eb4a9b385d8fb077f54c.a" "-LC:\\Users\\tomohiro\\AppData\\Local\\Temp\\arduino_build_630284" -lm
"C:\\Program Files (x86)\\Arduino\\hardware\\tools\\avr/bin/avr-objcopy" -O ihex -j .eeprom --set-section-flags=.eeprom=alloc,load --no-change-warnings --change-section-lma .eeprom=0 "C:\\Users\\tomohiro\\AppData\\Local\\Temp\\arduino_build_630284/buttonx3.ino.elf" "C:\\Users\\tomohiro\\AppData\\Local\\Temp\\arduino_build_630284/buttonx3.ino.eep"
"C:\\Program Files (x86)\\Arduino\\hardware\\tools\\avr/bin/avr-objcopy" -O ihex -R .eeprom "C:\\Users\\tomohiro\\AppData\\Local\\Temp\\arduino_build_630284/buttonx3.ino.elf" "C:\\Users\\tomohiro\\AppData\\Local\\Temp\\arduino_build_630284/buttonx3.ino.hex"
次のフォルダのライブラリVivicoreSerialを使用中：C:\Users\tomohiro\Documents\Arduino\libraries\VivicoreSerial (legacy)
次のフォルダのライブラリSoftwareSerialバージョン1.0を使用中：C:\Program Files (x86)\Arduino\hardware\arduino\avr\libraries\SoftwareSerial 
次のフォルダのライブラリEEPROMバージョン2.0を使用中：C:\Program Files (x86)\Arduino\hardware\arduino\avr\libraries\EEPROM 
"C:\\Program Files (x86)\\Arduino\\hardware\\tools\\avr/bin/avr-size" -A "C:\\Users\\tomohiro\\AppData\\Local\\Temp\\arduino_build_630284/buttonx3.ino.elf"
最大32256バイトのフラッシュメモリのうち、スケッチが4392バイト（13%）を使っています。
最大2048バイトのRAMのうち、グローバル変数が608バイト（29%）を使っていて、ローカル変数で1440バイト使うことができます。
C:\Program Files (x86)\Arduino\hardware\tools\avr/bin/avrdude -CC:\Program Files (x86)\Arduino\hardware\tools\avr/etc/avrdude.conf -C+C:\Users\tomohiro\AppData\Local\Arduino15\packages\pololu-a-star\hardware\avr\4.0.2/extra_avrdude.conf -v -patmega328pb -carduino -PCOM6 -b57600 -D -Uflash:w:C:\Users\tomohiro\AppData\Local\Temp\arduino_build_630284/buttonx3.ino.hex:i 

avrdude: Version 6.3-20171130
         Copyright (c) 2000-2005 Brian Dean, http://www.bdmicro.com/
         Copyright (c) 2007-2014 Joerg Wunsch

         System wide configuration file is "C:\Program Files (x86)\Arduino\hardware\tools\avr/etc/avrdude.conf"
         Additional configuration file is "C:\Users\tomohiro\AppData\Local\Arduino15\packages\pololu-a-star\hardware\avr\4.0.2/extra_avrdude.conf"
avrdude: warning at C:\Users\tomohiro\AppData\Local\Arduino15\packages\pololu-a-star\hardware\avr\4.0.2/extra_avrdude.conf:1: part m328pb overwrites previous definition C:\Program Files (x86)\Arduino\hardware\tools\avr/etc/avrdude.conf:8802.

         Using Port                    : COM6
         Using Programmer              : arduino
         Overriding Baud Rate          : 57600
         AVR Part                      : ATmega328PB
         Chip Erase delay              : 9000 us
         PAGEL                         : PD7
         BS2                           : PC2
         RESET disposition             : dedicated
         RETRY pulse                   : SCK
         serial program mode           : yes
         parallel program mode         : yes
         Timeout                       : 200
         StabDelay                     : 100
         CmdexeDelay                   : 25
         SyncLoops                     : 32
         ByteDelay                     : 0
         PollIndex                     : 3
         PollValue                     : 0x53
         Memory Detail                 :

                                  Block Poll               Page                       Polled
           Memory Type Mode Delay Size  Indx Paged  Size   Size #Pages MinW  MaxW   ReadBack
           ----------- ---- ----- ----- ---- ------ ------ ---- ------ ----- ----- ---------
           eeprom        65    20     4    0 no       1024    4      0  3600  3600 0xff 0xff
           flash         65     6   128    0 yes     32768  128    256  4500  4500 0xff 0xff
           lfuse          0     0     0    0 no          1    0      0  4500  4500 0x00 0x00
           hfuse          0     0     0    0 no          1    0      0  4500  4500 0x00 0x00
           efuse          0     0     0    0 no          1    0      0  4500  4500 0x00 0x00
           lock           0     0     0    0 no          1    0      0  4500  4500 0x00 0x00
           calibration    0     0     0    0 no          1    0      0     0     0 0x00 0x00
           signature      0     0     0    0 no          3    0      0     0     0 0x00 0x00

         Programmer Type : Arduino
         Description     : Arduino
         Hardware Version: 3
         Firmware Version: 4.4
         Vtarget         : 0.3 V
         Varef           : 0.3 V
         Oscillator      : 28.800 kHz
         SCK period      : 3.3 us

avrdude: AVR device initialized and ready to accept instructions

Reading | ################################################## | 100% 0.01s

avrdude: Device signature = 0x1e9516 (probably m328pb)
avrdude: reading input file "C:\Users\tomohiro\AppData\Local\Temp\arduino_build_630284/buttonx3.ino.hex"
avrdude: writing flash (4392 bytes):

Writing | ################################################## | 100% 1.68s

avrdude: 4392 bytes of flash written
avrdude: verifying flash memory against C:\Users\tomohiro\AppData\Local\Temp\arduino_build_630284/buttonx3.ino.hex:
avrdude: load data flash data from input file C:\Users\tomohiro\AppData\Local\Temp\arduino_build_630284/buttonx3.ino.hex:
avrdude: input file C:\Users\tomohiro\AppData\Local\Temp\arduino_build_630284/buttonx3.ino.hex contains 4392 bytes
avrdude: reading on-chip flash data:

Reading | ################################################## | 100% 1.89s

avrdude: verifying ...
avrdude: 4392 bytes of flash verified

avrdude done.  Thank you.

